# JRE version: OpenJDK Runtime Environment Temurin-17.0.7+7 (17.0.7+7) (build 17.0.7+7)
# Java VM: OpenJDK 64-Bit Server VM Temurin-17.0.7+7 (17.0.7+7, mixed mode, emulated-client, tiered, compressed oops, compressed class ptrs, g1 gc, windows-amd64)
GC Precious Log:
 CPUs: 8 total, 8 available
 Memory: 12209M
 Large Page Support: Disabled
 NUMA Support: Disabled
 Compressed Oops: Enabled (32-bit)
 Heap Region Size: 1M
 Heap Min Capacity: 8M
 Heap Initial Capacity: 192M
 Heap Max Capacity: 1G
 Pre-touch: Disabled
 Parallel Workers: 8
 Concurrent Workers: 2
 Concurrent Refinement Workers: 8
 Periodic GC: Disabled
Heap:
 garbage-first heap   total 150528K, used 48113K [0x00000000c0000000, 0x0000000100000000)
  region size 1024K, 1 young (1024K), 0 survivors (0K)
 Metaspace       used 69312K, committed 69824K, reserved 1114112K
  class space    used 9095K, committed 9280K, reserved 1048576K
GC Heap History (20 events):
Event: 6247.668 GC heap before
{Heap before GC invocations=587 (full 410):
 garbage-first heap   total 150528K, used 48113K [0x00000000c0000000, 0x0000000100000000)
  region size 1024K, 1 young (1024K), 0 survivors (0K)
 Metaspace       used 69312K, committed 69824K, reserved 1114112K
  class space    used 9095K, committed 9280K, reserved 1048576K
}
Event: 6247.713 GC heap after
{Heap after GC invocations=588 (full 411):
 garbage-first heap   total 150528K, used 48113K [0x00000000c0000000, 0x0000000100000000)
  region size 1024K, 0 young (0K), 0 survivors (0K)
 Metaspace       used 69312K, committed 69824K, reserved 1114112K
  class space    used 9095K, committed 9280K, reserved 1048576K
}
Event: 6257.928 GC heap before
{Heap before GC invocations=588 (full 411):
 garbage-first heap   total 150528K, used 48113K [0x00000000c0000000, 0x0000000100000000)
  region size 1024K, 1 young (1024K), 0 survivors (0K)
 Metaspace       used 69312K, committed 69824K, reserved 1114112K
  class space    used 9095K, committed 9280K, reserved 1048576K
}
Event: 6257.971 GC heap after
{Heap after GC invocations=589 (full 412):
 garbage-first heap   total 150528K, used 48113K [0x00000000c0000000, 0x0000000100000000)
  region size 1024K, 0 young (0K), 0 survivors (0K)
 Metaspace       used 69312K, committed 69824K, reserved 1114112K
  class space    used 9095K, committed 9280K, reserved 1048576K
}
Event: 6268.182 GC heap before
{Heap before GC invocations=589 (full 412):
 garbage-first heap   total 150528K, used 48113K [0x00000000c0000000, 0x0000000100000000)
  region size 1024K, 1 young (1024K), 0 survivors (0K)
 Metaspace       used 69312K, committed 69824K, reserved 1114112K
  class space    used 9095K, committed 9280K, reserved 1048576K
}
Event: 6268.226 GC heap after
{Heap after GC invocations=590 (full 413):
 garbage-first heap   total 150528K, used 48113K [0x00000000c0000000, 0x0000000100000000)
  region size 1024K, 0 young (0K), 0 survivors (0K)
 Metaspace       used 69312K, committed 69824K, reserved 1114112K
  class space    used 9095K, committed 9280K, reserved 1048576K
}
Event: 6278.385 GC heap before
{Heap before GC invocations=590 (full 413):
 garbage-first heap   total 150528K, used 48113K [0x00000000c0000000, 0x0000000100000000)
  region size 1024K, 1 young (1024K), 0 survivors (0K)
 Metaspace       used 69312K, committed 69824K, reserved 1114112K
  class space    used 9095K, committed 9280K, reserved 1048576K
}
Event: 6278.429 GC heap after
{Heap after GC invocations=591 (full 414):
 garbage-first heap   total 150528K, used 48113K [0x00000000c0000000, 0x0000000100000000)
  region size 1024K, 0 young (0K), 0 survivors (0K)
 Metaspace       used 69312K, committed 69824K, reserved 1114112K
  class space    used 9095K, committed 9280K, reserved 1048576K
}
Event: 6288.598 GC heap before
{Heap before GC invocations=591 (full 414):
 garbage-first heap   total 150528K, used 48113K [0x00000000c0000000, 0x0000000100000000)
  region size 1024K, 1 young (1024K), 0 survivors (0K)
 Metaspace       used 69312K, committed 69824K, reserved 1114112K
  class space    used 9095K, committed 9280K, reserved 1048576K
}
Event: 6288.649 GC heap after
{Heap after GC invocations=592 (full 415):
 garbage-first heap   total 150528K, used 48113K [0x00000000c0000000, 0x0000000100000000)
  region size 1024K, 0 young (0K), 0 survivors (0K)
 Metaspace       used 69312K, committed 69824K, reserved 1114112K
  class space    used 9095K, committed 9280K, reserved 1048576K
}
Event: 6298.842 GC heap before
{Heap before GC invocations=592 (full 415):
 garbage-first heap   total 150528K, used 48113K [0x00000000c0000000, 0x0000000100000000)
  region size 1024K, 1 young (1024K), 0 survivors (0K)
 Metaspace       used 69312K, committed 69824K, reserved 1114112K
  class space    used 9095K, committed 9280K, reserved 1048576K
}
Event: 6298.895 GC heap after
{Heap after GC invocations=593 (full 416):
 garbage-first heap   total 150528K, used 48113K [0x00000000c0000000, 0x0000000100000000)
  region size 1024K, 0 young (0K), 0 survivors (0K)
 Metaspace       used 69312K, committed 69824K, reserved 1114112K
  class space    used 9095K, committed 9280K, reserved 1048576K
}
Event: 6309.109 GC heap before
{Heap before GC invocations=593 (full 416):
 garbage-first heap   total 150528K, used 48113K [0x00000000c0000000, 0x0000000100000000)
  region size 1024K, 1 young (1024K), 0 survivors (0K)
 Metaspace       used 69312K, committed 69824K, reserved 1114112K
  class space    used 9095K, committed 9280K, reserved 1048576K
}
Event: 6309.160 GC heap after
{Heap after GC invocations=594 (full 417):
 garbage-first heap   total 150528K, used 48113K [0x00000000c0000000, 0x0000000100000000)
  region size 1024K, 0 young (0K), 0 survivors (0K)
 Metaspace       used 69312K, committed 69824K, reserved 1114112K
  class space    used 9095K, committed 9280K, reserved 1048576K
}
Event: 6319.357 GC heap before
{Heap before GC invocations=594 (full 417):
 garbage-first heap   total 150528K, used 48113K [0x00000000c0000000, 0x0000000100000000)
  region size 1024K, 1 young (1024K), 0 survivors (0K)
 Metaspace       used 69312K, committed 69824K, reserved 1114112K
  class space    used 9095K, committed 9280K, reserved 1048576K
}
Event: 6319.402 GC heap after
{Heap after GC invocations=595 (full 418):
 garbage-first heap   total 150528K, used 48113K [0x00000000c0000000, 0x0000000100000000)
  region size 1024K, 0 young (0K), 0 survivors (0K)
 Metaspace       used 69312K, committed 69824K, reserved 1114112K
  class space    used 9095K, committed 9280K, reserved 1048576K
}
Event: 6329.604 GC heap before
{Heap before GC invocations=595 (full 418):
 garbage-first heap   total 150528K, used 48113K [0x00000000c0000000, 0x0000000100000000)
  region size 1024K, 1 young (1024K), 0 survivors (0K)
 Metaspace       used 69312K, committed 69824K, reserved 1114112K
  class space    used 9095K, committed 9280K, reserved 1048576K
}
Event: 6329.649 GC heap after
{Heap after GC invocations=596 (full 419):
 garbage-first heap   total 150528K, used 48113K [0x00000000c0000000, 0x0000000100000000)
  region size 1024K, 0 young (0K), 0 survivors (0K)
 Metaspace       used 69312K, committed 69824K, reserved 1114112K
  class space    used 9095K, committed 9280K, reserved 1048576K
}
Event: 6339.795 GC heap before
{Heap before GC invocations=596 (full 419):
 garbage-first heap   total 150528K, used 48113K [0x00000000c0000000, 0x0000000100000000)
  region size 1024K, 1 young (1024K), 0 survivors (0K)
 Metaspace       used 69312K, committed 69824K, reserved 1114112K
  class space    used 9095K, committed 9280K, reserved 1048576K
}
Event: 6339.851 GC heap after
{Heap after GC invocations=597 (full 420):
 garbage-first heap   total 150528K, used 48113K [0x00000000c0000000, 0x0000000100000000)
  region size 1024K, 0 young (0K), 0 survivors (0K)
 Metaspace       used 69312K, committed 69824K, reserved 1114112K
  class space    used 9095K, committed 9280K, reserved 1048576K
}

